Connecting to host 192.169.149.251, port 5201
[  4] local 192.169.149.208 port 50336 connected to 192.169.149.251 port 5201
[ ID] Interval           Transfer     Bandwidth       Retr  Cwnd
[  4]   0.00-1.00   sec   111 MBytes   934 Mbits/sec   15    140 KBytes       
[  4]   1.00-2.00   sec   109 MBytes   916 Mbits/sec    3    173 KBytes       
[  4]   2.00-3.00   sec   107 MBytes   898 Mbits/sec    7    185 KBytes       
[  4]   3.00-4.00   sec   104 MBytes   875 Mbits/sec    5    148 KBytes       
[  4]   4.00-5.00   sec   110 MBytes   922 Mbits/sec   12    120 KBytes       
[  4]   5.00-6.00   sec   108 MBytes   903 Mbits/sec    6    126 KBytes       
[  4]   6.00-7.00   sec   106 MBytes   890 Mbits/sec    4    173 KBytes       
[  4]   7.00-8.00   sec   108 MBytes   907 Mbits/sec    7    184 KBytes       
[  4]   8.00-9.00   sec   105 MBytes   878 Mbits/sec    1    192 KBytes       
[  4]   9.00-10.00  sec   102 MBytes   860 Mbits/sec    2    141 KBytes       
[  4]  10.00-11.00  sec   103 MBytes   862 Mbits/sec    0    205 KBytes       
[  4]  11.00-12.00  sec   106 MBytes   886 Mbits/sec    4    175 KBytes       
[  4]  12.00-13.00  sec   103 MBytes   864 Mbits/sec    2    206 KBytes       
[  4]  13.00-14.00  sec   104 MBytes   876 Mbits/sec    4    188 KBytes       
[  4]  14.00-15.00  sec   105 MBytes   877 Mbits/sec    4    140 KBytes       
[  4]  15.00-16.00  sec   107 MBytes   894 Mbits/sec    2    168 KBytes       
[  4]  16.00-17.00  sec   107 MBytes   899 Mbits/sec    7    122 KBytes       
[  4]  17.00-18.00  sec   106 MBytes   891 Mbits/sec   10    133 KBytes       
[  4]  18.00-19.00  sec   103 MBytes   866 Mbits/sec  106    124 KBytes       
[  4]  19.00-20.00  sec   100 MBytes   842 Mbits/sec   96   91.9 KBytes       
[  4]  20.00-21.00  sec  98.6 MBytes   827 Mbits/sec   64    139 KBytes       
[  4]  21.00-22.00  sec  99.9 MBytes   838 Mbits/sec    3    180 KBytes       
[  4]  22.00-23.00  sec  98.6 MBytes   827 Mbits/sec    0    247 KBytes       
[  4]  23.00-24.00  sec   100 MBytes   842 Mbits/sec   49    132 KBytes       
[  4]  24.00-25.00  sec   104 MBytes   870 Mbits/sec   49    164 KBytes       
[  4]  25.00-26.00  sec   105 MBytes   883 Mbits/sec    0    206 KBytes       
[  4]  26.00-27.00  sec   110 MBytes   923 Mbits/sec    0    242 KBytes       
[  4]  27.00-28.00  sec   109 MBytes   912 Mbits/sec    8    164 KBytes       
[  4]  28.00-29.00  sec   105 MBytes   882 Mbits/sec    2    189 KBytes       
[  4]  29.00-30.00  sec   105 MBytes   879 Mbits/sec    2    134 KBytes       
- - - - - - - - - - - - - - - - - - - - - - - - -
[ ID] Interval           Transfer     Bandwidth       Retr
[  4]   0.00-30.00  sec  3.08 GBytes   881 Mbits/sec  474             sender
[  4]   0.00-30.00  sec  3.08 GBytes   881 Mbits/sec                  receiver

iperf Done.
