Connecting to host 192.169.149.251, port 5201
[  4] local 192.169.149.208 port 34014 connected to 192.169.149.251 port 5201
[ ID] Interval           Transfer     Bandwidth       Retr  Cwnd
[  4]   0.00-1.00   sec   107 MBytes   900 Mbits/sec    7    182 KBytes       
[  4]   1.00-2.00   sec   107 MBytes   900 Mbits/sec    4    150 KBytes       
[  4]   2.00-3.00   sec   102 MBytes   855 Mbits/sec    0    222 KBytes       
[  4]   3.00-4.01   sec   106 MBytes   880 Mbits/sec    8    174 KBytes       
[  4]   4.01-5.00   sec   105 MBytes   886 Mbits/sec    1    189 KBytes       
[  4]   5.00-6.00   sec   105 MBytes   879 Mbits/sec    5   84.8 KBytes       
[  4]   6.00-7.00   sec   105 MBytes   880 Mbits/sec    2    189 KBytes       
[  4]   7.00-8.00   sec   109 MBytes   911 Mbits/sec   10    177 KBytes       
[  4]   8.00-9.00   sec   106 MBytes   893 Mbits/sec   14    160 KBytes       
[  4]   9.00-10.00  sec   105 MBytes   879 Mbits/sec  211    182 KBytes       
[  4]  10.00-11.00  sec   102 MBytes   858 Mbits/sec   26    168 KBytes       
[  4]  11.00-12.00  sec   103 MBytes   867 Mbits/sec   37    130 KBytes       
[  4]  12.00-13.00  sec   108 MBytes   909 Mbits/sec   62    153 KBytes       
[  4]  13.00-14.00  sec   106 MBytes   890 Mbits/sec  114   99.0 KBytes       
[  4]  14.00-15.01  sec   105 MBytes   875 Mbits/sec   27   84.8 KBytes       
[  4]  15.01-16.00  sec  98.9 MBytes   836 Mbits/sec   40    124 KBytes       
[  4]  16.00-17.00  sec   107 MBytes   900 Mbits/sec   24    133 KBytes       
[  4]  17.00-18.00  sec   106 MBytes   891 Mbits/sec   59    124 KBytes       
[  4]  18.00-19.00  sec   105 MBytes   880 Mbits/sec   50    170 KBytes       
[  4]  19.00-20.00  sec   108 MBytes   907 Mbits/sec   18    102 KBytes       
[  4]  20.00-21.00  sec   101 MBytes   848 Mbits/sec  104    136 KBytes       
[  4]  21.00-22.00  sec  90.6 MBytes   760 Mbits/sec  106    112 KBytes       
[  4]  22.00-23.00  sec  25.2 MBytes   211 Mbits/sec    0    167 KBytes       
[  4]  23.00-24.00  sec   103 MBytes   863 Mbits/sec    5    174 KBytes       
[  4]  24.00-25.57  sec  21.3 MBytes   114 Mbits/sec    0    189 KBytes       
[  4]  25.57-26.00  sec  34.5 MBytes   675 Mbits/sec    0    208 KBytes       
[  4]  26.00-27.10  sec  35.2 MBytes   269 Mbits/sec  213   77.8 KBytes       
[  4]  27.10-28.00  sec  44.9 MBytes   417 Mbits/sec   67    156 KBytes       
[  4]  28.00-29.00  sec  24.8 MBytes   208 Mbits/sec    0    156 KBytes       
[  4]  29.00-30.51  sec  80.0 MBytes   445 Mbits/sec    2    151 KBytes       
- - - - - - - - - - - - - - - - - - - - - - - - -
[ ID] Interval           Transfer     Bandwidth       Retr
[  4]   0.00-30.51  sec  2.60 GBytes   733 Mbits/sec  1216             sender
[  4]   0.00-30.51  sec  2.60 GBytes   733 Mbits/sec                  receiver

iperf Done.
