Connecting to host 192.169.149.251, port 5201
[  4] local 192.169.149.208 port 59196 connected to 192.169.149.251 port 5201
[ ID] Interval           Transfer     Bandwidth       Retr  Cwnd
[  4]   0.00-1.00   sec   101 MBytes   846 Mbits/sec    6    216 KBytes       
[  4]   1.00-2.00   sec  90.9 MBytes   762 Mbits/sec  197    132 KBytes       
[  4]   2.00-3.00   sec  93.7 MBytes   786 Mbits/sec   42    157 KBytes       
[  4]   3.00-4.00   sec   102 MBytes   856 Mbits/sec   28    163 KBytes       
[  4]   4.00-5.00   sec   100 MBytes   841 Mbits/sec   26    199 KBytes       
[  4]   5.00-6.00   sec   103 MBytes   867 Mbits/sec   25    230 KBytes       
[  4]   6.00-7.00   sec   102 MBytes   857 Mbits/sec    4    215 KBytes       
[  4]   7.00-8.00   sec   101 MBytes   844 Mbits/sec   27    151 KBytes       
[  4]   8.00-9.00   sec   101 MBytes   851 Mbits/sec   18    158 KBytes       
[  4]   9.00-10.00  sec   104 MBytes   870 Mbits/sec   13    150 KBytes       
[  4]  10.00-11.00  sec   106 MBytes   888 Mbits/sec    7    158 KBytes       
[  4]  11.00-12.00  sec   105 MBytes   883 Mbits/sec   23    174 KBytes       
[  4]  12.00-13.00  sec  97.7 MBytes   820 Mbits/sec  196   83.4 KBytes       
[  4]  13.00-14.00  sec  90.8 MBytes   761 Mbits/sec  223   74.9 KBytes       
[  4]  14.00-15.00  sec  93.8 MBytes   787 Mbits/sec   79    137 KBytes       
[  4]  15.00-16.00  sec  87.2 MBytes   731 Mbits/sec  147    136 KBytes       
[  4]  16.00-17.00  sec  89.0 MBytes   747 Mbits/sec   67    189 KBytes       
[  4]  17.00-18.00  sec  96.8 MBytes   812 Mbits/sec  119   60.8 KBytes       
[  4]  18.00-19.00  sec  95.2 MBytes   799 Mbits/sec  116    182 KBytes       
[  4]  19.00-20.00  sec  99.0 MBytes   830 Mbits/sec   11    165 KBytes       
[  4]  20.00-21.00  sec   101 MBytes   847 Mbits/sec   12    168 KBytes       
[  4]  21.00-22.00  sec  99.5 MBytes   835 Mbits/sec    7    167 KBytes       
[  4]  22.00-23.00  sec   104 MBytes   874 Mbits/sec   15    185 KBytes       
[  4]  23.00-24.00  sec  97.1 MBytes   815 Mbits/sec   18    134 KBytes       
[  4]  24.00-25.00  sec   102 MBytes   857 Mbits/sec   50    204 KBytes       
[  4]  25.00-26.00  sec  96.7 MBytes   812 Mbits/sec   20    115 KBytes       
[  4]  26.00-27.00  sec  94.2 MBytes   790 Mbits/sec   17    148 KBytes       
[  4]  27.00-28.00  sec  98.7 MBytes   828 Mbits/sec   15    153 KBytes       
[  4]  28.00-29.00  sec   103 MBytes   868 Mbits/sec   96   70.7 KBytes       
[  4]  29.00-30.00  sec   105 MBytes   880 Mbits/sec    3    188 KBytes       
- - - - - - - - - - - - - - - - - - - - - - - - -
[ ID] Interval           Transfer     Bandwidth       Retr
[  4]   0.00-30.00  sec  2.89 GBytes   828 Mbits/sec  1627             sender
[  4]   0.00-30.00  sec  2.89 GBytes   828 Mbits/sec                  receiver

iperf Done.
